my rank=0
Rank=0: number of processes =2
grid size n*n = 64
subgrid size n*n/p = 32
elements per row: 8
elements per subgrid:32


my rank=1
Rank=1: number of processes =2
grid size n*n = 64
subgrid size n*n/p = 32
elements per row: 8
elements per subgrid:32


rank#0
X _ X _ _ _ X _ 
_ X X _ _ _ _ _ 
_ _ _ _ X _ X _ 
X _ _ _ _ _ _ _ 
rank#1
_ X X _ X _ _ _ 
X _ _ X X _ _ _ 
_ _ _ _ _ _ X _ 
X _ X _ _ _ _ _ 
[0] MPI Sent top and bottom
[0] MPI Received top/bottom
[0] Testing top[0]: 0
[0] Testing top[1]: 1
[0] Testing top[2]: 1
[0] Testing top[3]: 0
[0] Testing top[4]: 1
[0] Testing top[5]: 0
[0] Testing top[6]: 0
[0] Testing top[7]: 0
[0] Barrier up #2
[1] MPI Sent top and bottom
[0] Barrier down #2
[1] MPI Received top/bottom
[1] Testing top[0]: 1
[1] Testing top[1]: 0
[n0000:29663] *** Process received signal ***
[n0000:29663] Signal: Segmentation fault (11)
[n0000:29663] Signal code: Address not mapped (1)
[n0000:29663] Failing at address: (nil)
[1] Testing top[2]: 1
[1] Testing top[3]: 0
[1] Testing top[4]: 0
[1] Testing top[5]: 0
[1] Testing top[6]: 1
[1] Testing top[7]: 0
[1] Barrier up #2
[1] Barrier down #2
[n0001:24813] *** Process received signal ***
--------------------------------------------------------------------------
mpirun noticed that process rank 0 with PID 29663 on node n0000 exited on signal 11 (Segmentation fault).
--------------------------------------------------------------------------
[n0001:24813] Signal: Segmentation fault (11)
[n0001:24813] Signal code: Address not mapped (1)
[n0001:24813] Failing at address: (nil)
2 total processes killed (some possibly by mpirun during cleanup)
