my rank=0
Rank=0: number of processes =4
grid size n*n = 256
subgrid size n*n/p = 64
elements per row: 16
elements per subgrid:64


my rank=1
Rank=1: number of processes =4
grid size n*n = 256
subgrid size n*n/p = 64
elements per row: 16
elements per subgrid:64


my rank=3
Rank=3: number of processes =4
my rank=2
Rank=2: number of processes =4
grid size n*n = 256
grid size n*n = 256
subgrid size n*n/p = 64
elements per row: 16
elements per subgrid:64


subgrid size n*n/p = 64
elements per row: 16
elements per subgrid:64



X _ X X X X X X X _ _ X _ X X _ 
_ X _ _ _ X X _ X X X _ _ X X _ 
X _ _ X _ X X _ _ _ _ X X _ _ _ 
X _ X _ _ X _ X X _ _ _ X _ _ X 

X _ X X X X X X X _ _ X _ X X _ 
_ X _ _ _ X X _ X X X _ _ X X _ 
X _ _ X _ X X _ _ _ _ X X _ _ _ 
X _ X _ _ X _ X X _ _ _ X _ _ X 
Current grid:
X X X X X _ _ X _ X X _ _ X _ _ 
_ X X _ X X X _ _ X X _ X _ _ X 
_ X X _ _ _ _ X X _ _ _ X _ X _ 
_ X _ X X _ _ _ X _ _ X X X X _ 

_ X X _ _ _ _ X X X _ X _ X _ _ 
_ _ X X X X _ _ _ X X _ _ X _ _ 
X X X _ _ _ _ X _ X X X _ _ _ X 
X X X X _ X X _ X X X _ _ _ X _ 
================================
Current grid:
X _ _ _ X _ X X X _ X X _ _ X X 
X _ _ _ X X X X X X X X _ X X _ 
X X X X X X X X X X X X X _ X X 
X X _ X X X X _ X _ X X X _ X X 

_ X X X X X X X X X X X _ _ X X 

X X X X X X X X X X X _ X _ X _ 
X X X X _ _ _ _ X X X X X X X X 
X X X _ X X X X X X X X X X X X 
X X X X _ X _ X _ _ X X X X _ X 

X X X X X X _ _ X X X _ X X X X 
X _ X X _ _ X X _ X _ X X _ X _ 
X _ _ _ X X X _ X _ _ X _ _ X X 
_ _ _ X X _ X X X _ X X X _ _ X 
================================
X X X X _ _ _ _ X X X X X X X X 
X X X _ X X X X X X X X X X X X 
X _ _ _ X _ _ X X _ X X X X _ _ 
Current grid:
X _ _ X X _ _ _ _ _ _ _ X X X X 
X X X X X _ _ _ _ _ _ _ X X X _ 
_ X X X _ _ _ _ _ _ _ _ X _ X _ 
_ _ _ _ _ _ _ _ _ _ _ _ X _ _ _ 

_ _ _ _ _ X X X X _ _ _ _ _ _ _ 

X X X X X X X _ _ X X _ X _ _ X 
_ _ _ _ _ _ _ _ _ _ _ _ _ _ _ _ 
_ _ _ _ X X X X X _ _ _ _ _ _ _ 
_ _ _ _ _ X X X _ _ X _ _ _ _ _ 
X _ X X _ _ _ _ _ X X X X X X _ 
X X X X X X X _ X X X X X X X X 
X _ _ X X _ _ _ X X X X _ X _ X 
================================

_ _ _ _ X _ X X X _ _ _ _ _ _ _ 
_ _ _ _ _ X X X _ _ _ _ _ _ _ _ 
_ _ X X X X X X _ _ _ _ _ _ _ _ 
X _ X _ X _ _ _ _ _ X _ _ _ X X 
Current grid:
X X X _ X X _ _ _ X X X X _ _ _ 
X X _ _ X _ _ _ _ _ _ X X _ X _ 
X X X X X _ _ _ _ _ _ X X _ _ X 
_ _ X _ X X X X _ _ _ _ _ X _ _ 

X _ X _ X X _ _ _ X X _ X X X _ 

_ _ _ _ _ _ _ _ _ _ _ _ _ _ _ _ 
_ _ _ _ X X _ _ X _ _ _ _ _ _ _ 
_ _ _ _ _ X X X _ _ _ _ _ _ _ _ 
_ _ _ X X _ _ _ X _ _ _ _ _ _ _ 

_ _ _ _ _ _ _ _ X _ _ _ _ _ _ _ 
_ _ _ _ _ _ X X X _ _ _ _ _ X _ 
X X X _ X X _ X X _ _ _ _ _ _ _ 
_ X _ _ X X _ X X X X _ _ _ _ _ 
================================
_ _ _ X X _ _ _ X _ _ _ _ _ _ _ 
_ X _ X X X X X _ _ _ _ _ _ _ X 
X _ X _ _ _ X _ X X _ X _ _ X X 
Current grid:
X X X X X X X _ X X X X X X _ X 
_ _ _ _ X X _ _ _ _ X _ X X _ X 
X X X X X X X _ _ _ _ X X X X X 
X X X X X X _ _ _ _ _ _ X _ _ _ 

_ _ _ X X X X X _ _ _ _ _ _ _ _ 

_ X _ X _ X X X X X X X _ X X _ 
_ _ _ _ _ X X X _ _ _ _ _ _ _ _ 
_ _ _ X X X X X X _ _ _ _ _ _ _ 
_ _ _ _ _ X X X _ _ _ _ _ _ _ _ 
X X X X X X X X X X _ _ _ X _ X 
_ X _ X X X _ _ _ X _ _ _ _ _ _ 
X _ X X _ X X X _ _ X X _ _ _ _ 

_ _ _ X X _ _ X _ X _ _ _ _ _ _ 
================================
_ _ X X X X X X _ _ _ _ _ _ _ _ 
X _ X X X X X X X X _ _ _ _ X X 
X X X X _ X X X X X X _ X X X X 
Current grid:
X X X X _ _ X X _ X X _ X X X X 
_ _ _ _ _ _ X X _ X X _ _ _ _ X 
X X X _ _ _ X _ _ _ _ X X X X X 
X X _ _ _ _ _ _ _ _ _ X X X X X 

_ X X X _ _ _ X _ _ _ _ _ _ _ _ 

_ _ _ X _ _ _ _ _ _ X X X X _ _ 
X X _ X _ _ _ X _ X X _ X _ X _ 
X X _ _ _ _ _ X X X X _ _ _ _ X 
X _ _ _ _ _ X X X X X X X _ _ X 
_ _ _ X _ _ _ _ X _ _ _ _ _ _ _ 
_ _ _ _ X _ _ _ X _ _ _ _ _ _ _ 
_ _ X X X X _ X X _ _ _ _ _ _ _ 
================================

_ _ X X X _ _ X X _ _ _ _ _ _ _ 
_ X X _ _ _ _ X _ X _ _ _ _ _ X 
X _ _ _ _ _ _ _ _ X X _ _ X X X 
X X _ X _ _ _ _ _ _ X X X _ X X 
Current grid:
X X _ _ _ X X _ _ _ _ _ X X X X 

X X X _ X _ _ _ _ X X _ X X X X 
_ _ X X _ X X X X X X X X _ _ _ 
_ X _ _ _ _ _ X _ _ X X X X _ _ 
_ _ _ _ _ _ X _ _ _ _ X X X X X 

X X X _ _ _ _ _ _ _ _ _ X X X X 
X X X _ _ _ _ _ X X X _ X X _ X 
_ X X _ _ _ X X _ _ _ _ X X X X 
_ _ X X X _ _ X _ _ _ _ _ _ _ _ 
_ _ X X X X _ X X X _ _ _ _ _ _ 
_ X X _ X _ X X X _ _ _ _ _ _ _ 

_ X X _ X X X X X X _ _ _ _ _ _ 
_ _ X _ _ X X X _ _ X X X X X X 
================================
X X X X _ _ _ _ X X X _ _ _ X X 
_ X X _ _ _ _ _ X X X X X X X _ 
X _ X _ _ _ _ _ _ X _ _ X X X X 
Current grid:
X X X X X X _ _ X X X _ _ _ X X 
X X X _ X X X X X X X _ _ _ X X 
_ _ X _ _ X X X X X X _ _ X X _ 
X X _ _ _ _ _ _ _ _ X _ _ _ _ X 

_ _ X X _ _ _ _ X X X X X _ _ _ 

X _ _ _ X X X _ _ X X _ _ _ _ X 
_ _ X X _ _ _ X X X X X X _ _ _ 
_ X X X _ X X X X X X _ _ _ _ X 
_ X _ _ X X X X _ _ _ X _ _ _ X 

X X X X _ _ _ _ _ _ _ X X X X X 
X _ _ X X X X X _ _ X X X X X X 
_ _ X X _ _ _ _ X _ X X X _ _ _ 
X _ X X _ _ _ _ X _ X _ _ _ _ X 
================================
X X X _ X X X _ X _ _ _ _ X X X 
_ X X _ X X X X X _ _ _ _ _ _ _ 
_ X X _ _ _ _ _ _ X _ _ _ _ _ _ 
Current grid:
_ _ X X _ _ _ _ X X X X _ _ X _ 
X _ X _ X _ _ _ _ _ X X _ X X _ 
_ _ X X X X X X X _ X X _ _ X _ 
X X X _ _ _ X X X X X X X X _ X 

_ _ X X X X _ _ _ _ _ _ X X _ _ 

X X X X X X X X X X X X X X X X 
_ _ _ _ X X X X _ _ _ _ X X X X 
X _ X X X X X X X X _ _ _ _ X X 
X X X X X _ X X X X _ _ _ _ _ _ 
X X X X X X X X X X X _ X X X X 
X X X X X X X X _ X X _ X X X X 
_ X _ X _ _ _ X X _ X _ X _ _ _ 

_ X X X X _ _ X X _ _ _ X _ _ _ 
_ X _ X X _ X X _ _ _ _ X _ _ _ 
X X X X X X _ _ _ X X X X _ _ _ 
_ X _ _ _ X X _ _ _ X _ _ _ X X 
================================
Current grid:
X X X X X X _ _ _ X X X X X X X 
_ X X _ X X X X X _ _ X X X X X 
X _ X X X X X X X _ _ _ _ X X X 
_ X _ _ _ X X X X X X _ _ X X _ 

X X X X X X _ X X X X X _ _ _ X 

_ _ _ _ _ _ _ _ _ _ X X X X X _ 

X X _ X X X X X X X _ X _ X _ _ 
X X X _ _ _ _ X X _ _ _ X X X X 
X X X _ _ _ _ _ _ X _ _ _ X X X 
_ _ _ _ _ _ _ _ _ _ X X X X X _ 
_ _ _ _ _ _ _ _ _ _ _ _ _ _ _ _ 
_ _ _ _ _ X _ _ _ _ X _ X _ X X 
X _ _ _ X X _ _ X X _ _ X X X X 
X X _ _ _ X X X X X X X X X _ _ 
X X X X X X X X _ _ X X _ X _ X 
X X _ X X X _ X X _ _ X _ X _ _ 
================================
Current grid:
_ _ _ _ _ _ _ X X X X X _ _ _ X 
_ _ _ _ _ _ _ X X X X X _ _ _ _ 
X X X X X _ _ _ _ X X X X _ _ X 
_ X _ _ _ X _ _ _ _ X _ _ X _ _ 

_ _ X X X X _ _ _ _ X X X X _ X 

_ _ _ _ _ _ _ _ _ _ X X X X X _ 

X X X _ X _ _ _ _ _ _ X _ X X X 
_ _ _ X X _ X X X X X X X X _ _ 
X X X _ _ _ _ _ X _ X X _ _ _ _ 
X X _ _ _ _ _ _ _ X X X _ _ X X 
_ _ _ _ _ _ _ _ _ _ X X X X X X 
X _ _ _ X _ _ _ _ X _ X _ X X X 
X _ _ X X X X X X X X X X X X X 
_ _ _ X _ _ _ _ _ X _ X _ X X X 
_ _ X X _ _ _ _ _ X X X _ X X X 
_ _ _ _ _ X X X X X _ X _ X _ X 
================================
